<?xml version="1.0" encoding="UTF-8"?>
<testng-results ignored="0" total="1" passed="1" failed="0" skipped="0">
  <reporter-output>
  </reporter-output>
  <suite started-at="2022-08-18T17:38:14 IST" name="Default suite" finished-at="2022-08-18T17:39:15 IST" duration-ms="61308">
    <groups>
    </groups>
    <test started-at="2022-08-18T17:38:14 IST" name="Default test" finished-at="2022-08-18T17:39:15 IST" duration-ms="61308">
      <class name="caseStudy.AndroidKeys">
        <test-method is-config="true" signature="beforeTest()[pri:0, instance:caseStudy.AndroidKeys@7d4f9aae]" started-at="2022-08-18T17:38:14 IST" name="beforeTest" finished-at="2022-08-18T17:38:39 IST" duration-ms="24655" status="PASS">
          <reporter-output>
          </reporter-output>
        </test-method> <!-- beforeTest -->
        <test-method signature="f()[pri:0, instance:caseStudy.AndroidKeys@7d4f9aae]" started-at="2022-08-18T17:38:39 IST" name="f" finished-at="2022-08-18T17:39:15 IST" duration-ms="36571" status="PASS">
          <reporter-output>
          </reporter-output>
        </test-method> <!-- f -->
        <test-method is-config="true" signature="afterTest()[pri:0, instance:caseStudy.AndroidKeys@7d4f9aae]" started-at="2022-08-18T17:39:15 IST" name="afterTest" finished-at="2022-08-18T17:39:15 IST" duration-ms="1" status="PASS">
          <reporter-output>
          </reporter-output>
        </test-method> <!-- afterTest -->
      </class> <!-- caseStudy.AndroidKeys -->
    </test> <!-- Default test -->
  </suite> <!-- Default suite -->
</testng-results>
